This is pdfTeX, Version 3.14159265-2.6-1.40.15 (TeX Live 2014/Arch Linux) (preloaded format=pdflatex 2015.6.22)  23 JUL 2015 23:30
entering extended mode
 restricted \write18 enabled.
 %&-line parsing enabled.
**VLF_Installation_Notes.tex -recorder
(./VLF_Installation_Notes.tex
LaTeX2e <2014/05/01>
Babel <3.9l> and hyphenation patterns for 79 languages loaded.
(/usr/share/texmf-dist/tex/latex/base/article.cls
Document Class: article 2014/09/29 v1.4h Standard LaTeX document class
(/usr/share/texmf-dist/tex/latex/base/size12.clo
File: size12.clo 2014/09/29 v1.4h Standard LaTeX file (size option)
)
\c@part=\count79
\c@section=\count80
\c@subsection=\count81
\c@subsubsection=\count82
\c@paragraph=\count83
\c@subparagraph=\count84
\c@figure=\count85
\c@table=\count86
\abovecaptionskip=\skip41
\belowcaptionskip=\skip42
\bibindent=\dimen102
)
(/usr/share/texmf-dist/tex/latex/graphics/graphicx.sty
Package: graphicx 2014/10/28 v1.0g Enhanced LaTeX Graphics (DPC,SPQR)

(/usr/share/texmf-dist/tex/latex/graphics/keyval.sty
Package: keyval 2014/10/28 v1.15 key=value parser (DPC)
\KV@toks@=\toks14
)
(/usr/share/texmf-dist/tex/latex/graphics/graphics.sty
Package: graphics 2014/10/28 v1.0p Standard LaTeX Graphics (DPC,SPQR)

(/usr/share/texmf-dist/tex/latex/graphics/trig.sty
Package: trig 1999/03/16 v1.09 sin cos tan (DPC)
)
(/usr/share/texmf-dist/tex/latex/latexconfig/graphics.cfg
File: graphics.cfg 2010/04/23 v1.9 graphics configuration of TeX Live
)
Package graphics Info: Driver file: pdftex.def on input line 91.

(/usr/share/texmf-dist/tex/latex/pdftex-def/pdftex.def
File: pdftex.def 2011/05/27 v0.06d Graphics/color for pdfTeX

(/usr/share/texmf-dist/tex/generic/oberdiek/infwarerr.sty
Package: infwarerr 2010/04/08 v1.3 Providing info/warning/error messages (HO)
)
(/usr/share/texmf-dist/tex/generic/oberdiek/ltxcmds.sty
Package: ltxcmds 2011/11/09 v1.22 LaTeX kernel commands for general use (HO)
)
\Gread@gobject=\count87
))
\Gin@req@height=\dimen103
\Gin@req@width=\dimen104
)
(/usr/share/texmf-dist/tex/latex/cite/cite.sty
LaTeX Info: Redefining \cite on input line 302.
LaTeX Info: Redefining \nocite on input line 332.
Package: cite 2015/02/27  v 5.5
)
(/usr/share/texmf-dist/tex/latex/tools/longtable.sty
Package: longtable 2014/10/28 v4.11 Multi-page Table package (DPC)
\LTleft=\skip43
\LTright=\skip44
\LTpre=\skip45
\LTpost=\skip46
\LTchunksize=\count88
\LTcapwidth=\dimen105
\LT@head=\box26
\LT@firsthead=\box27
\LT@foot=\box28
\LT@lastfoot=\box29
\LT@cols=\count89
\LT@rows=\count90
\c@LT@tables=\count91
\c@LT@chunks=\count92
\LT@p@ftn=\toks15
)
(/usr/share/texmf-dist/tex/latex/geometry/geometry.sty
Package: geometry 2010/09/12 v5.6 Page Geometry

(/usr/share/texmf-dist/tex/generic/oberdiek/ifpdf.sty
Package: ifpdf 2011/01/30 v2.3 Provides the ifpdf switch (HO)
Package ifpdf Info: pdfTeX in PDF mode is detected.
)
(/usr/share/texmf-dist/tex/generic/oberdiek/ifvtex.sty
Package: ifvtex 2010/03/01 v1.5 Detect VTeX and its facilities (HO)
Package ifvtex Info: VTeX not detected.
)
(/usr/share/texmf-dist/tex/generic/ifxetex/ifxetex.sty
Package: ifxetex 2010/09/12 v0.6 Provides ifxetex conditional
)
\Gm@cnth=\count93
\Gm@cntv=\count94
\c@Gm@tempcnt=\count95
\Gm@bindingoffset=\dimen106
\Gm@wd@mp=\dimen107
\Gm@odd@mp=\dimen108
\Gm@even@mp=\dimen109
\Gm@layoutwidth=\dimen110
\Gm@layoutheight=\dimen111
\Gm@layouthoffset=\dimen112
\Gm@layoutvoffset=\dimen113
\Gm@dimlist=\toks16
)
(/usr/share/texmf-dist/tex/latex/fancyhdr/fancyhdr.sty
\fancy@headwidth=\skip47
\f@ncyO@elh=\skip48
\f@ncyO@erh=\skip49
\f@ncyO@olh=\skip50
\f@ncyO@orh=\skip51
\f@ncyO@elf=\skip52
\f@ncyO@erf=\skip53
\f@ncyO@olf=\skip54
\f@ncyO@orf=\skip55
)
(./VLF_Installation_Notes.aux)
\openout1 = `VLF_Installation_Notes.aux'.

LaTeX Font Info:    Checking defaults for OML/cmm/m/it on input line 55.
LaTeX Font Info:    ... okay on input line 55.
LaTeX Font Info:    Checking defaults for T1/cmr/m/n on input line 55.
LaTeX Font Info:    ... okay on input line 55.
LaTeX Font Info:    Checking defaults for OT1/cmr/m/n on input line 55.
LaTeX Font Info:    ... okay on input line 55.
LaTeX Font Info:    Checking defaults for OMS/cmsy/m/n on input line 55.
LaTeX Font Info:    ... okay on input line 55.
LaTeX Font Info:    Checking defaults for OMX/cmex/m/n on input line 55.
LaTeX Font Info:    ... okay on input line 55.
LaTeX Font Info:    Checking defaults for U/cmr/m/n on input line 55.
LaTeX Font Info:    ... okay on input line 55.

(/usr/share/texmf-dist/tex/context/base/supp-pdf.mkii
[Loading MPS to PDF converter (version 2006.09.02).]
\scratchcounter=\count96
\scratchdimen=\dimen114
\scratchbox=\box30
\nofMPsegments=\count97
\nofMParguments=\count98
\everyMPshowfont=\toks17
\MPscratchCnt=\count99
\MPscratchDim=\dimen115
\MPnumerator=\count100
\makeMPintoPDFobject=\count101
\everyMPtoPDFconversion=\toks18
) (/usr/share/texmf-dist/tex/generic/oberdiek/pdftexcmds.sty
Package: pdftexcmds 2011/11/29 v0.20 Utility functions of pdfTeX for LuaTeX (HO
)

(/usr/share/texmf-dist/tex/generic/oberdiek/ifluatex.sty
Package: ifluatex 2010/03/01 v1.3 Provides the ifluatex switch (HO)
Package ifluatex Info: LuaTeX not detected.
)
Package pdftexcmds Info: LuaTeX not detected.
Package pdftexcmds Info: \pdf@primitive is available.
Package pdftexcmds Info: \pdf@ifprimitive is available.
Package pdftexcmds Info: \pdfdraftmode found.
)
(/usr/share/texmf-dist/tex/latex/oberdiek/epstopdf-base.sty
Package: epstopdf-base 2010/02/09 v2.5 Base part for package epstopdf

(/usr/share/texmf-dist/tex/latex/oberdiek/grfext.sty
Package: grfext 2010/08/19 v1.1 Manage graphics extensions (HO)

(/usr/share/texmf-dist/tex/generic/oberdiek/kvdefinekeys.sty
Package: kvdefinekeys 2011/04/07 v1.3 Define keys (HO)
))
(/usr/share/texmf-dist/tex/latex/oberdiek/kvoptions.sty
Package: kvoptions 2011/06/30 v3.11 Key value format for package options (HO)

(/usr/share/texmf-dist/tex/generic/oberdiek/kvsetkeys.sty
Package: kvsetkeys 2012/04/25 v1.16 Key value parser (HO)

(/usr/share/texmf-dist/tex/generic/oberdiek/etexcmds.sty
Package: etexcmds 2011/02/16 v1.5 Avoid name clashes with e-TeX commands (HO)
Package etexcmds Info: Could not find \expanded.
(etexcmds)             That can mean that you are not using pdfTeX 1.50 or
(etexcmds)             that some package has redefined \expanded.
(etexcmds)             In the latter case, load this package earlier.
)))
Package grfext Info: Graphics extension search list:
(grfext)             [.png,.pdf,.jpg,.mps,.jpeg,.jbig2,.jb2,.PNG,.PDF,.JPG,.JPE
G,.JBIG2,.JB2,.eps]
(grfext)             \AppendGraphicsExtensions on input line 452.

(/usr/share/texmf-dist/tex/latex/latexconfig/epstopdf-sys.cfg
File: epstopdf-sys.cfg 2010/07/13 v1.3 Configuration of (r)epstopdf for TeX Liv
e
))
*geometry* driver: auto-detecting
*geometry* detected driver: pdftex
*geometry* verbose mode - [ preamble ] result:
* driver: pdftex
* paper: a4paper
* layout: <same size as paper>
* layoutoffset:(h,v)=(0.0pt,0.0pt)
* modes: 
* h-part:(L,W,R)=(71.13188pt, 455.24411pt, 71.13188pt)
* v-part:(T,H,B)=(71.13188pt, 645.87756pt, 128.0374pt)
* \paperwidth=597.50787pt
* \paperheight=845.04684pt
* \textwidth=455.24411pt
* \textheight=645.87756pt
* \oddsidemargin=-1.1381pt
* \evensidemargin=-1.1381pt
* \topmargin=-38.1381pt
* \headheight=12.0pt
* \headsep=25.0pt
* \topskip=12.0pt
* \footskip=30.0pt
* \marginparwidth=35.0pt
* \marginparsep=10.0pt
* \columnsep=10.0pt
* \skip\footins=10.8pt plus 4.0pt minus 2.0pt
* \hoffset=0.0pt
* \voffset=0.0pt
* \mag=1000
* \@twocolumnfalse
* \@twosidefalse
* \@mparswitchfalse
* \@reversemarginfalse
* (1in=72.27pt=25.4mm, 1cm=28.453pt)

LaTeX Font Info:    External font `cmex10' loaded for size
(Font)              <14.4> on input line 61.
LaTeX Font Info:    External font `cmex10' loaded for size
(Font)              <7> on input line 61.

Underfull \hbox (badness 10000) in paragraph at lines 69--79

 []


Underfull \hbox (badness 10000) in paragraph at lines 69--79

 []


Underfull \hbox (badness 10000) in paragraph at lines 69--79

 []


Underfull \hbox (badness 10000) in paragraph at lines 69--79

 []

<Images/EIE_logo.jpg, id=1, 213.6783pt x 213.1965pt>
File: Images/EIE_logo.jpg Graphic file (type jpg)
 <use Images/EIE_logo.jpg>
Package pdftex.def Info: Images/EIE_logo.jpg used on input line 103.
(pdftex.def)             Requested size: 42.67912pt x 42.58324pt.


Package Fancyhdr Warning: \headheight is too small (12.0pt): 
 Make it at least 46.93327pt.
 We now make it that large for the rest of the document.
 This may cause the page layout to be inconsistent, however.

[0{/var/lib/texmf/fonts/map/pdftex/updmap/pdftex.map}

 <./Images/EIE_logo.jpg>]
LaTeX Font Info:    Try loading font information for OMS+cmr on input line 108.


(/usr/share/texmf-dist/tex/latex/base/omscmr.fd
File: omscmr.fd 2014/09/29 v2.5h Standard LaTeX font definitions
)
LaTeX Font Info:    Font shape `OMS/cmr/m/n' in size <12> not available
(Font)              Font shape `OMS/cmsy/m/n' tried instead on input line 108.

Underfull \hbox (badness 10000) in paragraph at lines 113--116

 []


Underfull \hbox (badness 10000) in paragraph at lines 123--128

 []


Underfull \hbox (badness 10000) in paragraph at lines 123--128

 []

File: Images/EIE_logo.jpg Graphic file (type jpg)
<use Images/EIE_logo.jpg>
Package pdftex.def Info: Images/EIE_logo.jpg used on input line 129.
(pdftex.def)             Requested size: 42.67912pt x 42.58324pt.
 [1]
Underfull \hbox (badness 10000) in paragraph at lines 130--133

 []


Overfull \hbox (7.88112pt too wide) in paragraph at lines 135--135
[]\OT1/cmtt/m/n/12 scp /mnt/drive/wav/150723*.wav username@youripaddress:/path/
on/your/system/[] 
 []


Underfull \hbox (badness 10000) in paragraph at lines 137--140

 []


Overfull \hbox (3.23065pt too wide) in paragraph at lines 137--140
\OT1/cmr/m/n/12 I have in-cluded two scripts that can be used ``Spec-tro-gram.p
y'' and ``group[]spec[]report.py''.
 []

<Images/MarionCH0.png, id=17, 714.7503pt x 296.307pt>
File: Images/MarionCH0.png Graphic file (type png)

<use Images/MarionCH0.png>
Package pdftex.def Info: Images/MarionCH0.png used on input line 149.
(pdftex.def)             Requested size: 426.79134pt x 176.93556pt.

<Images/MarionCH1.png, id=19, 714.7503pt x 296.307pt>
File: Images/MarionCH1.png Graphic file (type png)

<use Images/MarionCH1.png>
Package pdftex.def Info: Images/MarionCH1.png used on input line 156.
(pdftex.def)             Requested size: 426.79134pt x 176.93556pt.


LaTeX Warning: `!h' float specifier changed to `!ht'.

<Images/WitsCH0.png, id=20, 714.7503pt x 296.307pt>
File: Images/WitsCH0.png Graphic file (type png)
 <use Images/WitsCH0.png>
Package pdftex.def Info: Images/WitsCH0.png used on input line 163.
(pdftex.def)             Requested size: 426.79134pt x 176.93556pt.


LaTeX Warning: `!h' float specifier changed to `!ht'.

<Images/WitsCH1.png, id=21, 714.7503pt x 296.307pt>
File: Images/WitsCH1.png Graphic file (type png)
 <use Images/WitsCH1.png>
Package pdftex.def Info: Images/WitsCH1.png used on input line 170.
(pdftex.def)             Requested size: 426.79134pt x 176.93556pt.


LaTeX Warning: `!h' float specifier changed to `!ht'.

File: Images/EIE_logo.jpg Graphic file (type jpg)
<use Images/EIE_logo.jpg>
Package pdftex.def Info: Images/EIE_logo.jpg used on input line 174.
(pdftex.def)             Requested size: 42.67912pt x 42.58324pt.
 [2 <./Images/MarionCH0.png>]
Underfull \hbox (badness 10000) in paragraph at lines 176--179

 []


Underfull \hbox (badness 10000) in paragraph at lines 184--187

 []

File: Images/EIE_logo.jpg Graphic file (type jpg)
<use Images/EIE_logo.jpg>
Package pdftex.def Info: Images/EIE_logo.jpg used on input line 188.
(pdftex.def)             Requested size: 42.67912pt x 42.58324pt.
 [3 <./Images/MarionCH1.png> <./Images/WitsCH0.png>]
File: Images/EIE_logo.jpg Graphic file (type jpg)

<use Images/EIE_logo.jpg>
Package pdftex.def Info: Images/EIE_logo.jpg used on input line 195.
(pdftex.def)             Requested size: 42.67912pt x 42.58324pt.
 [4 <./Images/WitsCH1.png>]
Underfull \hbox (badness 10000) in paragraph at lines 197--200

 []


Underfull \hbox (badness 10000) in paragraph at lines 216--235

 []


Underfull \hbox (badness 10000) in paragraph at lines 216--235

 []


Underfull \hbox (badness 10000) in paragraph at lines 216--235

 []


Underfull \hbox (badness 10000) in paragraph at lines 216--235

 []


Underfull \hbox (badness 10000) in paragraph at lines 216--235

 []


Underfull \hbox (badness 10000) in paragraph at lines 216--235

 []

File: Images/EIE_logo.jpg Graphic file (type jpg)
<use Images/EIE_logo.jpg>
Package pdftex.def Info: Images/EIE_logo.jpg used on input line 235.
(pdftex.def)             Requested size: 42.67912pt x 42.58324pt.
 [5]
Underfull \hbox (badness 10000) in paragraph at lines 242--249

 []


Underfull \hbox (badness 10000) in paragraph at lines 242--249

 []


Underfull \hbox (badness 10000) in paragraph at lines 242--249

 []

File: Images/EIE_logo.jpg Graphic file (type jpg)
<use Images/EIE_logo.jpg>
Package pdftex.def Info: Images/EIE_logo.jpg used on input line 249.
(pdftex.def)             Requested size: 42.67912pt x 42.58324pt.
 [6]
Underfull \hbox (badness 10000) in paragraph at lines 263--268

 []


Underfull \hbox (badness 10000) in paragraph at lines 263--268

 []

File: Images/EIE_logo.jpg Graphic file (type jpg)
<use Images/EIE_logo.jpg>
Package pdftex.def Info: Images/EIE_logo.jpg used on input line 268.
(pdftex.def)             Requested size: 42.67912pt x 42.58324pt.
 [7]
Underfull \hbox (badness 10000) in paragraph at lines 271--274

 []


Underfull \hbox (badness 10000) in paragraph at lines 281--292

 []


Underfull \hbox (badness 10000) in paragraph at lines 281--292

 []


Underfull \hbox (badness 10000) in paragraph at lines 281--292

 []


Underfull \hbox (badness 10000) in paragraph at lines 281--292

 []


Underfull \hbox (badness 10000) in paragraph at lines 281--292

 []

File: Images/EIE_logo.jpg Graphic file (type jpg)
<use Images/EIE_logo.jpg>
Package pdftex.def Info: Images/EIE_logo.jpg used on input line 292.
(pdftex.def)             Requested size: 42.67912pt x 42.58324pt.
 [8]
File: Images/EIE_logo.jpg Graphic file (type jpg)
 <use Images/EIE_logo.jpg>
Package pdftex.def Info: Images/EIE_logo.jpg used on input line 293.
(pdftex.def)             Requested size: 42.67912pt x 42.58324pt.
 [9]
(./VLF_Installation_Notes.aux) ) 
Here is how much of TeX's memory you used:
 2317 strings out of 493109
 32259 string characters out of 6140856
 103988 words of memory out of 5000000
 5765 multiletter control sequences out of 15000+600000
 7442 words of font info for 27 fonts, out of 8000000 for 9000
 1141 hyphenation exceptions out of 8191
 38i,14n,43p,1030b,358s stack positions out of 5000i,500n,10000p,200000b,80000s
</usr/share/texmf-dist/fonts/type1/public/amsfo
nts/cm/cmbx12.pfb></usr/share/texmf-dist/fonts/type1/public/amsfonts/cm/cmr12.p
fb></usr/share/texmf-dist/fonts/type1/public/amsfonts/cm/cmr17.pfb></usr/share/
texmf-dist/fonts/type1/public/amsfonts/cm/cmr8.pfb></usr/share/texmf-dist/fonts
/type1/public/amsfonts/cm/cmsy10.pfb></usr/share/texmf-dist/fonts/type1/public/
amsfonts/cm/cmti12.pfb></usr/share/texmf-dist/fonts/type1/public/amsfonts/cm/cm
tt12.pfb>
Output written on VLF_Installation_Notes.pdf (10 pages, 2575008 bytes).
PDF statistics:
 75 PDF objects out of 1000 (max. 8388607)
 46 compressed objects within 1 object stream
 0 named destinations out of 1000 (max. 500000)
 26 words of extra memory for PDF output out of 10000 (max. 10000000)

